<?xml version="1.0" encoding="UTF-8"?>
<!-- Generated by org.testng.reporters.JUnitXMLReporter -->
<testsuite ignored="1" hostname="LAPTOP-CLUMQLOR" failures="2" tests="26" name="Test" time="2.143" errors="0" timestamp="2024-02-18T12:45:27 IST">
  <testcase classname="com.FrameWork.TestScript_01" name="TestScript1" time="0.007"/>
  <testcase classname="com.FrameWork.TestScript_01" name="TestScript_02" time="0.001"/>
  <testcase classname="com.FrameWork.TestScript" name="createAccount" time="0.002"/>
  <testcase classname="com.FrameWork.TestScript" name="createAccount" time="0.002"/>
  <testcase classname="com.FrameWork.TestScript" name="createAccount" time="0.0"/>
  <testcase classname="com.FrameWork.TestScript" name="createAccount" time="0.002"/>
  <testcase classname="com.FrameWork.TestScript" name="createAccount" time="0.002"/>
  <testcase classname="com.FrameWork.TestScript" name="createAccount" time="0.002"/>
  <testcase classname="com.FrameWork.TestScript" name="createAccount" time="0.001"/>
  <testcase classname="com.FrameWork.TestScript" name="createAccount" time="0.001"/>
  <testcase classname="com.FrameWork.TestScript" name="createAccount" time="0.001"/>
  <testcase classname="com.FrameWork.TestScript" name="createAccount" time="0.001"/>
  <testcase classname="com.FrameWork.TestScript_4" name="deleteAccount" time="0.001"/>
  <testcase classname="com.FrameWork.TestScript_3" name="m1" time="0.001"/>
  <testcase classname="com.FrameWork.TestScript_3" name="m2" time="0.001"/>
  <testcase classname="com.FrameWork.TestScript_3" name="m3" time="0.0"/>
  <testcase classname="com.FrameWork.TestScript_3" name="m4" time="0.0"/>
  <testcase classname="com.FrameWork.TestScript_3" name="m5" time="0.001"/>
  <testcase classname="com.FrameWork.TestScript_2" name="signUp" time="0.001"/>
  <testcase classname="com.FrameWork.TestScript_2" name="LoginPage" time="0.0"/>
  <testcase classname="com.FrameWork.InvocationTimeOut" name="signUp" time="2.012">
    <failure type="org.testng.internal.thread.ThreadTimeoutException" message="Method com.FrameWork.InvocationTimeOut.signUp() didn&amp;apos;t finish within the time-out 2000">
      <![CDATA[org.testng.internal.thread.ThreadTimeoutException: Method com.FrameWork.InvocationTimeOut.signUp() didn't finish within the time-out 2000
at java.base@17.0.7/java.lang.Thread.sleep(Native Method)
at app//com.FrameWork.InvocationTimeOut.signUp(InvocationTimeOut.java:11)
at java.base@17.0.7/java.util.concurrent.FutureTask.run(FutureTask.java:264)
at java.base@17.0.7/java.util.concurrent.ThreadPoolExecutor.runWorker(ThreadPoolExecutor.java:1136)
at java.base@17.0.7/java.util.concurrent.ThreadPoolExecutor$Worker.run(ThreadPoolExecutor.java:635)
at java.base@17.0.7/java.lang.Thread.run(Thread.java:833)
... Removed 8 stack frames]]>
    </failure>
  </testcase> <!-- signUp -->
  <testcase classname="com.FrameWork.TestScript_5" name="signUp" time="0.006">
    <failure type="java.lang.AssertionError" message="null">
      <![CDATA[java.lang.AssertionError: null
at com.FrameWork.TestScript_5.signUp(TestScript_5.java:12)
at java.base/java.util.ArrayList.forEach(ArrayList.java:1511)
... Removed 29 stack frames]]>
    </failure>
  </testcase> <!-- signUp -->
  <testcase classname="com.FrameWork.TestScript_5" name="loginPage" time="0.001"/>
  <testcase classname="com.FrameWork.TestScript1" name="editAccount" time="0.001"/>
  <testcase classname="com.FrameWork.TestScript1" name="ReadAccount" time="0.0"/>
  <testcase classname="com.FrameWork.TestScript1" name="createAccount" time="0.003"/>
  <testcase classname="com.FrameWork.TestScript_4" name="updateAccount" time="0.0">
    <ignored/>
  </testcase> <!-- updateAccount -->
</testsuite> <!-- Test -->
